[ 2015-09-18T17:13:54+08:00 ] ::1 /gallery/Home/Index/brand/id/5
INFO: [ app_init ] --START--
INFO: Run Behavior\BuildLiteBehavior [ RunTime:0.000012s ]
INFO: [ app_init ] --END-- [ RunTime:0.000245s ]
INFO: [ app_begin ] --START--
INFO: Run Behavior\ReadHtmlCacheBehavior [ RunTime:0.000322s ]
INFO: [ app_begin ] --END-- [ RunTime:0.000358s ]
SQL: SHOW COLUMNS FROM `brand` [ RunTime:0.0020s ]
SQL: SELECT `brand_id`,`brand_name`,`brand_shop_url` FROM `brand` WHERE `status` = 1  [ RunTime:0.0004s ]
SQL: SELECT * FROM `brand` WHERE `status` = 1 AND `brand_id` = 5 LIMIT 1   [ RunTime:0.0003s ]
SQL: SHOW COLUMNS FROM `category` [ RunTime:0.0018s ]
SQL: SHOW COLUMNS FROM `product` [ RunTime:0.0010s ]
SQL: SELECT * FROM `category` INNER JOIN brand on category.b_id = brand.brand_id  WHERE ( category.status = 1 ) AND `b_id` = '5'  [ RunTime:0.0003s ]
SQL: SELECT * FROM `product` WHERE ( c_id =7 )  [ RunTime:0.0003s ]
INFO: [ view_parse ] --START--
INFO: [ template_filter ] --START--
INFO: Run Behavior\ContentReplaceBehavior [ RunTime:0.000058s ]
INFO: [ template_filter ] --END-- [ RunTime:0.000108s ]
NOTIC: [8] Undefined variable: c_id /Users/ma/www/gallery/Application/Runtime/Cache/Home/3975b8f32e0a5cded2b93ca969913baa.php 第 105 行.
INFO: Run Behavior\ParseTemplateBehavior [ RunTime:0.009801s ]
INFO: [ view_parse ] --END-- [ RunTime:0.009838s ]
INFO: [ view_filter ] --START--
INFO: Run Behavior\WriteHtmlCacheBehavior [ RunTime:0.000133s ]
INFO: [ view_filter ] --END-- [ RunTime:0.000166s ]
INFO: [ app_end ] --START--
INFO: Run Behavior\ShowPageTraceBehavior [ RunTime:0.000407s ]
INFO: [ app_end ] --END-- [ RunTime:0.000582s ]

[ 2015-09-18T17:13:57+08:00 ] ::1 /gallery/
INFO: [ app_init ] --START--
INFO: Run Behavior\BuildLiteBehavior [ RunTime:0.000017s ]
INFO: [ app_init ] --END-- [ RunTime:0.000263s ]
INFO: [ app_begin ] --START--
INFO: Run Behavior\ReadHtmlCacheBehavior [ RunTime:0.000343s ]
INFO: [ app_begin ] --END-- [ RunTime:0.000379s ]
SQL: SHOW COLUMNS FROM `brand` [ RunTime:0.0024s ]
SQL: SELECT `brand_id`,`brand_name`,`brand_shop_url` FROM `brand` WHERE `status` = 1  [ RunTime:0.0003s ]
INFO: [ view_parse ] --START--
INFO: [ template_filter ] --START--
INFO: Run Behavior\ContentReplaceBehavior [ RunTime:0.000114s ]
INFO: [ template_filter ] --END-- [ RunTime:0.000169s ]
INFO: Run Behavior\ParseTemplateBehavior [ RunTime:0.010619s ]
INFO: [ view_parse ] --END-- [ RunTime:0.010663s ]
INFO: [ view_filter ] --START--
INFO: Run Behavior\WriteHtmlCacheBehavior [ RunTime:0.000128s ]
INFO: [ view_filter ] --END-- [ RunTime:0.000161s ]
INFO: [ app_end ] --START--
INFO: Run Behavior\ShowPageTraceBehavior [ RunTime:0.000373s ]
INFO: [ app_end ] --END-- [ RunTime:0.000414s ]

[ 2015-09-18T17:14:05+08:00 ] ::1 /gallery/
INFO: [ app_init ] --START--
INFO: Run Behavior\BuildLiteBehavior [ RunTime:0.000010s ]
INFO: [ app_init ] --END-- [ RunTime:0.000231s ]
INFO: [ app_begin ] --START--
INFO: Run Behavior\ReadHtmlCacheBehavior [ RunTime:0.000326s ]
INFO: [ app_begin ] --END-- [ RunTime:0.000362s ]
SQL: SHOW COLUMNS FROM `brand` [ RunTime:0.0024s ]
SQL: SELECT `brand_id`,`brand_name`,`brand_shop_url` FROM `brand` WHERE `status` = 1  [ RunTime:0.0003s ]
INFO: [ view_parse ] --START--
INFO: [ template_filter ] --START--
INFO: Run Behavior\ContentReplaceBehavior [ RunTime:0.000099s ]
INFO: [ template_filter ] --END-- [ RunTime:0.000134s ]
INFO: Run Behavior\ParseTemplateBehavior [ RunTime:0.008059s ]
INFO: [ view_parse ] --END-- [ RunTime:0.008101s ]
INFO: [ view_filter ] --START--
INFO: Run Behavior\WriteHtmlCacheBehavior [ RunTime:0.000117s ]
INFO: [ view_filter ] --END-- [ RunTime:0.000151s ]
INFO: [ app_end ] --START--
INFO: Run Behavior\ShowPageTraceBehavior [ RunTime:0.000367s ]
INFO: [ app_end ] --END-- [ RunTime:0.000406s ]

[ 2015-09-18T17:14:09+08:00 ] ::1 /gallery/Home/Index/brand/id/4/c_id/16
INFO: [ app_init ] --START--
INFO: Run Behavior\BuildLiteBehavior [ RunTime:0.000010s ]
INFO: [ app_init ] --END-- [ RunTime:0.000235s ]
INFO: [ app_begin ] --START--
INFO: Run Behavior\ReadHtmlCacheBehavior [ RunTime:0.000319s ]
INFO: [ app_begin ] --END-- [ RunTime:0.000354s ]
SQL: SHOW COLUMNS FROM `brand` [ RunTime:0.0028s ]
SQL: SELECT `brand_id`,`brand_name`,`brand_shop_url` FROM `brand` WHERE `status` = 1  [ RunTime:0.0004s ]
SQL: SELECT * FROM `brand` WHERE `status` = 1 AND `brand_id` = 4 LIMIT 1   [ RunTime:0.0002s ]
SQL: SHOW COLUMNS FROM `category` [ RunTime:0.0016s ]
SQL: SHOW COLUMNS FROM `product` [ RunTime:0.0020s ]
SQL: SELECT * FROM `category` INNER JOIN brand on category.b_id = brand.brand_id  WHERE ( category.status = 1 ) AND `b_id` = '4'  [ RunTime:0.0004s ]
SQL: SELECT * FROM `product` WHERE ( c_id =16 )  [ RunTime:0.0003s ]
INFO: [ view_parse ] --START--
INFO: [ template_filter ] --START--
INFO: Run Behavior\ContentReplaceBehavior [ RunTime:0.000055s ]
INFO: [ template_filter ] --END-- [ RunTime:0.000098s ]
INFO: Run Behavior\ParseTemplateBehavior [ RunTime:0.009136s ]
INFO: [ view_parse ] --END-- [ RunTime:0.009179s ]
INFO: [ view_filter ] --START--
INFO: Run Behavior\WriteHtmlCacheBehavior [ RunTime:0.000115s ]
INFO: [ view_filter ] --END-- [ RunTime:0.000147s ]
INFO: [ app_end ] --START--
INFO: Run Behavior\ShowPageTraceBehavior [ RunTime:0.000359s ]
INFO: [ app_end ] --END-- [ RunTime:0.000396s ]

[ 2015-09-18T17:14:15+08:00 ] ::1 /gallery/Home/Index/productDetail/p_id/25
INFO: [ app_init ] --START--
INFO: Run Behavior\BuildLiteBehavior [ RunTime:0.000013s ]
INFO: [ app_init ] --END-- [ RunTime:0.000266s ]
INFO: [ app_begin ] --START--
INFO: Run Behavior\ReadHtmlCacheBehavior [ RunTime:0.000619s ]
INFO: [ app_begin ] --END-- [ RunTime:0.000658s ]
SQL: SHOW COLUMNS FROM `brand` [ RunTime:0.0019s ]
SQL: SELECT `brand_id`,`brand_name`,`brand_shop_url` FROM `brand` WHERE `status` = 1  [ RunTime:0.0003s ]
SQL: SHOW COLUMNS FROM `product` [ RunTime:0.0025s ]
SQL: SELECT * FROM `product` INNER JOIN brand on product.b_id = brand.brand_id INNER JOIN category on product.c_id = category.category_id  WHERE `product_id` = '25' LIMIT 1   [ RunTime:0.0004s ]
INFO: [ view_parse ] --START--
INFO: [ template_filter ] --START--
INFO: Run Behavior\ContentReplaceBehavior [ RunTime:0.000057s ]
INFO: [ template_filter ] --END-- [ RunTime:0.000111s ]
INFO: Run Behavior\ParseTemplateBehavior [ RunTime:0.008915s ]
INFO: [ view_parse ] --END-- [ RunTime:0.008956s ]
INFO: [ view_filter ] --START--
INFO: Run Behavior\WriteHtmlCacheBehavior [ RunTime:0.000129s ]
INFO: [ view_filter ] --END-- [ RunTime:0.000166s ]
INFO: [ app_end ] --START--
INFO: Run Behavior\ShowPageTraceBehavior [ RunTime:0.000371s ]
INFO: [ app_end ] --END-- [ RunTime:0.000410s ]

[ 2015-09-18T17:14:28+08:00 ] ::1 /gallery/
INFO: [ app_init ] --START--
INFO: Run Behavior\BuildLiteBehavior [ RunTime:0.000011s ]
INFO: [ app_init ] --END-- [ RunTime:0.000270s ]
INFO: [ app_begin ] --START--
INFO: Run Behavior\ReadHtmlCacheBehavior [ RunTime:0.000383s ]
INFO: [ app_begin ] --END-- [ RunTime:0.000426s ]
SQL: SHOW COLUMNS FROM `brand` [ RunTime:0.0031s ]
SQL: SELECT `brand_id`,`brand_name`,`brand_shop_url` FROM `brand` WHERE `status` = 1  [ RunTime:0.0005s ]
INFO: [ view_parse ] --START--
INFO: [ template_filter ] --START--
INFO: Run Behavior\ContentReplaceBehavior [ RunTime:0.000106s ]
INFO: [ template_filter ] --END-- [ RunTime:0.000156s ]
INFO: Run Behavior\ParseTemplateBehavior [ RunTime:0.009358s ]
INFO: [ view_parse ] --END-- [ RunTime:0.009399s ]
INFO: [ view_filter ] --START--
INFO: Run Behavior\WriteHtmlCacheBehavior [ RunTime:0.000117s ]
INFO: [ view_filter ] --END-- [ RunTime:0.000149s ]
INFO: [ app_end ] --START--
INFO: Run Behavior\ShowPageTraceBehavior [ RunTime:0.000657s ]
INFO: [ app_end ] --END-- [ RunTime:0.000698s ]

[ 2015-09-18T17:14:30+08:00 ] ::1 /gallery/Home/Index/brand/id/2
INFO: [ app_init ] --START--
INFO: Run Behavior\BuildLiteBehavior [ RunTime:0.000013s ]
INFO: [ app_init ] --END-- [ RunTime:0.000427s ]
INFO: [ app_begin ] --START--
INFO: Run Behavior\ReadHtmlCacheBehavior [ RunTime:0.000365s ]
INFO: [ app_begin ] --END-- [ RunTime:0.000403s ]
SQL: SHOW COLUMNS FROM `brand` [ RunTime:0.0022s ]
SQL: SELECT `brand_id`,`brand_name`,`brand_shop_url` FROM `brand` WHERE `status` = 1  [ RunTime:0.0003s ]
SQL: SELECT * FROM `brand` WHERE `status` = 1 AND `brand_id` = 2 LIMIT 1   [ RunTime:0.0003s ]
SQL: SHOW COLUMNS FROM `category` [ RunTime:0.0011s ]
SQL: SHOW COLUMNS FROM `product` [ RunTime:0.0024s ]
SQL: SELECT * FROM `category` INNER JOIN brand on category.b_id = brand.brand_id  WHERE ( category.status = 1 ) AND `b_id` = '2'  [ RunTime:0.0005s ]
SQL: SELECT * FROM `product` WHERE ( c_id =4 )  [ RunTime:0.0003s ]
INFO: [ view_parse ] --START--
INFO: [ template_filter ] --START--
INFO: Run Behavior\ContentReplaceBehavior [ RunTime:0.000062s ]
INFO: [ template_filter ] --END-- [ RunTime:0.000130s ]
NOTIC: [8] Undefined variable: c_id /Users/ma/www/gallery/Application/Runtime/Cache/Home/3975b8f32e0a5cded2b93ca969913baa.php 第 105 行.
INFO: Run Behavior\ParseTemplateBehavior [ RunTime:0.010779s ]
INFO: [ view_parse ] --END-- [ RunTime:0.010835s ]
INFO: [ view_filter ] --START--
INFO: Run Behavior\WriteHtmlCacheBehavior [ RunTime:0.000136s ]
INFO: [ view_filter ] --END-- [ RunTime:0.000169s ]
INFO: [ app_end ] --START--
INFO: Run Behavior\ShowPageTraceBehavior [ RunTime:0.000371s ]
INFO: [ app_end ] --END-- [ RunTime:0.000411s ]

[ 2015-09-18T17:14:31+08:00 ] ::1 /gallery/Home/Index/productDetail/p_id/8
INFO: [ app_init ] --START--
INFO: Run Behavior\BuildLiteBehavior [ RunTime:0.000014s ]
INFO: [ app_init ] --END-- [ RunTime:0.000905s ]
INFO: [ app_begin ] --START--
INFO: Run Behavior\ReadHtmlCacheBehavior [ RunTime:0.000423s ]
INFO: [ app_begin ] --END-- [ RunTime:0.000500s ]
SQL: SHOW COLUMNS FROM `brand` [ RunTime:0.0037s ]
SQL: SELECT `brand_id`,`brand_name`,`brand_shop_url` FROM `brand` WHERE `status` = 1  [ RunTime:0.0003s ]
SQL: SHOW COLUMNS FROM `product` [ RunTime:0.0015s ]
SQL: SELECT * FROM `product` INNER JOIN brand on product.b_id = brand.brand_id INNER JOIN category on product.c_id = category.category_id  WHERE `product_id` = '8' LIMIT 1   [ RunTime:0.0004s ]
INFO: [ view_parse ] --START--
INFO: [ template_filter ] --START--
INFO: Run Behavior\ContentReplaceBehavior [ RunTime:0.000058s ]
INFO: [ template_filter ] --END-- [ RunTime:0.000106s ]
INFO: Run Behavior\ParseTemplateBehavior [ RunTime:0.008027s ]
INFO: [ view_parse ] --END-- [ RunTime:0.008070s ]
INFO: [ view_filter ] --START--
INFO: Run Behavior\WriteHtmlCacheBehavior [ RunTime:0.000121s ]
INFO: [ view_filter ] --END-- [ RunTime:0.000156s ]
INFO: [ app_end ] --START--
INFO: Run Behavior\ShowPageTraceBehavior [ RunTime:0.000372s ]
INFO: [ app_end ] --END-- [ RunTime:0.000410s ]

[ 2015-09-18T17:17:24+08:00 ] ::1 /baogeli
INFO: [ app_init ] --START--
INFO: Run Behavior\BuildLiteBehavior [ RunTime:0.000019s ]
INFO: [ app_init ] --END-- [ RunTime:0.000616s ]
INFO: [ app_begin ] --START--
INFO: Run Behavior\ReadHtmlCacheBehavior [ RunTime:0.000705s ]
INFO: [ app_begin ] --END-- [ RunTime:0.000746s ]
SQL: SHOW COLUMNS FROM `brand` [ RunTime:0.0017s ]
SQL: SELECT `brand_id`,`brand_name`,`brand_shop_url` FROM `brand` WHERE `status` = 1  [ RunTime:0.0003s ]
INFO: [ view_parse ] --START--
INFO: [ template_filter ] --START--
INFO: Run Behavior\ContentReplaceBehavior [ RunTime:0.000121s ]
INFO: [ template_filter ] --END-- [ RunTime:0.000181s ]
INFO: Run Behavior\ParseTemplateBehavior [ RunTime:0.013969s ]
INFO: [ view_parse ] --END-- [ RunTime:0.014027s ]
INFO: [ view_filter ] --START--
INFO: Run Behavior\WriteHtmlCacheBehavior [ RunTime:0.000431s ]
INFO: [ view_filter ] --END-- [ RunTime:0.000471s ]
INFO: [ app_end ] --START--
INFO: Run Behavior\ShowPageTraceBehavior [ RunTime:0.000603s ]
INFO: [ app_end ] --END-- [ RunTime:0.000652s ]

[ 2015-09-18T17:17:31+08:00 ] ::1 /baogeli/Home/Index/brand/id/1/c_id/3
INFO: [ app_init ] --START--
INFO: Run Behavior\BuildLiteBehavior [ RunTime:0.000010s ]
INFO: [ app_init ] --END-- [ RunTime:0.000237s ]
INFO: [ app_begin ] --START--
INFO: Run Behavior\ReadHtmlCacheBehavior [ RunTime:0.000324s ]
INFO: [ app_begin ] --END-- [ RunTime:0.000358s ]
SQL: SHOW COLUMNS FROM `brand` [ RunTime:0.0023s ]
SQL: SELECT `brand_id`,`brand_name`,`brand_shop_url` FROM `brand` WHERE `status` = 1  [ RunTime:0.0003s ]
SQL: SELECT * FROM `brand` WHERE `status` = 1 AND `brand_id` = 1 LIMIT 1   [ RunTime:0.0002s ]
SQL: SHOW COLUMNS FROM `category` [ RunTime:0.0014s ]
SQL: SHOW COLUMNS FROM `product` [ RunTime:0.0015s ]
SQL: SELECT * FROM `category` INNER JOIN brand on category.b_id = brand.brand_id  WHERE ( category.status = 1 ) AND `b_id` = '1'  [ RunTime:0.0003s ]
SQL: SELECT * FROM `product` WHERE ( c_id =3 )  [ RunTime:0.0003s ]
INFO: [ view_parse ] --START--
INFO: [ template_filter ] --START--
INFO: Run Behavior\ContentReplaceBehavior [ RunTime:0.000053s ]
INFO: [ template_filter ] --END-- [ RunTime:0.000091s ]
INFO: Run Behavior\ParseTemplateBehavior [ RunTime:0.013040s ]
INFO: [ view_parse ] --END-- [ RunTime:0.013107s ]
INFO: [ view_filter ] --START--
INFO: Run Behavior\WriteHtmlCacheBehavior [ RunTime:0.000136s ]
INFO: [ view_filter ] --END-- [ RunTime:0.000170s ]
INFO: [ app_end ] --START--
INFO: Run Behavior\ShowPageTraceBehavior [ RunTime:0.000448s ]
INFO: [ app_end ] --END-- [ RunTime:0.000487s ]

[ 2015-09-18T17:37:42+08:00 ] ::1 /baogeli
INFO: [ app_init ] --START--
INFO: Run Behavior\BuildLiteBehavior [ RunTime:0.000011s ]
INFO: [ app_init ] --END-- [ RunTime:0.000264s ]
INFO: [ app_begin ] --START--
INFO: Run Behavior\ReadHtmlCacheBehavior [ RunTime:0.000356s ]
INFO: [ app_begin ] --END-- [ RunTime:0.000552s ]
SQL: SHOW COLUMNS FROM `brand` [ RunTime:0.0020s ]
SQL: SELECT `brand_id`,`brand_name`,`brand_shop_url` FROM `brand` WHERE `status` = 1  [ RunTime:0.0003s ]
INFO: [ view_parse ] --START--
INFO: [ template_filter ] --START--
INFO: Run Behavior\ContentReplaceBehavior [ RunTime:0.000118s ]
INFO: [ template_filter ] --END-- [ RunTime:0.000176s ]
INFO: Run Behavior\ParseTemplateBehavior [ RunTime:0.009128s ]
INFO: [ view_parse ] --END-- [ RunTime:0.009166s ]
INFO: [ view_filter ] --START--
INFO: Run Behavior\WriteHtmlCacheBehavior [ RunTime:0.000148s ]
INFO: [ view_filter ] --END-- [ RunTime:0.000181s ]
INFO: [ app_end ] --START--
INFO: Run Behavior\ShowPageTraceBehavior [ RunTime:0.000519s ]
INFO: [ app_end ] --END-- [ RunTime:0.000561s ]

[ 2015-09-18T17:37:51+08:00 ] ::1 /baogeli
INFO: [ app_init ] --START--
INFO: Run Behavior\BuildLiteBehavior [ RunTime:0.000010s ]
INFO: [ app_init ] --END-- [ RunTime:0.000231s ]
INFO: [ app_begin ] --START--
INFO: Run Behavior\ReadHtmlCacheBehavior [ RunTime:0.000316s ]
INFO: [ app_begin ] --END-- [ RunTime:0.000352s ]
SQL: SHOW COLUMNS FROM `brand` [ RunTime:0.0030s ]
SQL: SELECT `brand_id`,`brand_name`,`brand_shop_url` FROM `brand` WHERE `status` = 1  [ RunTime:0.0003s ]
INFO: [ view_parse ] --START--
INFO: [ template_filter ] --START--
INFO: Run Behavior\ContentReplaceBehavior [ RunTime:0.000107s ]
INFO: [ template_filter ] --END-- [ RunTime:0.000150s ]
INFO: Run Behavior\ParseTemplateBehavior [ RunTime:0.008221s ]
INFO: [ view_parse ] --END-- [ RunTime:0.008269s ]
INFO: [ view_filter ] --START--
INFO: Run Behavior\WriteHtmlCacheBehavior [ RunTime:0.000126s ]
INFO: [ view_filter ] --END-- [ RunTime:0.000162s ]
INFO: [ app_end ] --START--
INFO: Run Behavior\ShowPageTraceBehavior [ RunTime:0.000398s ]
INFO: [ app_end ] --END-- [ RunTime:0.000442s ]

[ 2015-09-18T17:38:05+08:00 ] ::1 /baogeli/Home/Index/brand/id/1
INFO: [ app_init ] --START--
INFO: Run Behavior\BuildLiteBehavior [ RunTime:0.000013s ]
INFO: [ app_init ] --END-- [ RunTime:0.000268s ]
INFO: [ app_begin ] --START--
INFO: Run Behavior\ReadHtmlCacheBehavior [ RunTime:0.000362s ]
INFO: [ app_begin ] --END-- [ RunTime:0.000401s ]
SQL: SHOW COLUMNS FROM `brand` [ RunTime:0.0038s ]
SQL: SELECT `brand_id`,`brand_name`,`brand_shop_url` FROM `brand` WHERE `status` = 1  [ RunTime:0.0003s ]
SQL: SELECT * FROM `brand` WHERE `status` = 1 AND `brand_id` = 1 LIMIT 1   [ RunTime:0.0002s ]
SQL: SHOW COLUMNS FROM `category` [ RunTime:0.0016s ]
SQL: SHOW COLUMNS FROM `product` [ RunTime:0.0022s ]
SQL: SELECT * FROM `category` INNER JOIN brand on category.b_id = brand.brand_id  WHERE ( category.status = 1 ) AND `b_id` = '1'  [ RunTime:0.0004s ]
SQL: SELECT * FROM `product` WHERE ( c_id =1 )  [ RunTime:0.0003s ]
INFO: [ view_parse ] --START--
INFO: [ template_filter ] --START--
INFO: Run Behavior\ContentReplaceBehavior [ RunTime:0.000067s ]
INFO: [ template_filter ] --END-- [ RunTime:0.000136s ]
NOTIC: [8] Undefined variable: c_id /Users/ma/www/baogeli/Application/Runtime/Cache/Home/3975b8f32e0a5cded2b93ca969913baa.php 第 105 行.
INFO: Run Behavior\ParseTemplateBehavior [ RunTime:0.009054s ]
INFO: [ view_parse ] --END-- [ RunTime:0.009099s ]
INFO: [ view_filter ] --START--
INFO: Run Behavior\WriteHtmlCacheBehavior [ RunTime:0.000108s ]
INFO: [ view_filter ] --END-- [ RunTime:0.000145s ]
INFO: [ app_end ] --START--
INFO: Run Behavior\ShowPageTraceBehavior [ RunTime:0.000358s ]
INFO: [ app_end ] --END-- [ RunTime:0.000397s ]

[ 2015-09-18T17:40:41+08:00 ] ::1 /baogeli/Home/Index/brand/id/1
INFO: [ app_init ] --START--
INFO: Run Behavior\BuildLiteBehavior [ RunTime:0.000010s ]
INFO: [ app_init ] --END-- [ RunTime:0.000242s ]
INFO: [ app_begin ] --START--
INFO: Run Behavior\ReadHtmlCacheBehavior [ RunTime:0.000367s ]
INFO: [ app_begin ] --END-- [ RunTime:0.000405s ]
SQL: SHOW COLUMNS FROM `brand` [ RunTime:0.0024s ]
SQL: SELECT `brand_id`,`brand_name`,`brand_shop_url` FROM `brand` WHERE `status` = 1  [ RunTime:0.0003s ]
SQL: SELECT * FROM `brand` WHERE `status` = 1 AND `brand_id` = 1 LIMIT 1   [ RunTime:0.0002s ]
SQL: SHOW COLUMNS FROM `category` [ RunTime:0.0011s ]
SQL: SHOW COLUMNS FROM `product` [ RunTime:0.0013s ]
SQL: SELECT * FROM `category` INNER JOIN brand on category.b_id = brand.brand_id  WHERE ( category.status = 1 ) AND `b_id` = '1'  [ RunTime:0.0003s ]
SQL: SELECT * FROM `product` WHERE ( c_id =1 )  [ RunTime:0.0003s ]
INFO: [ view_parse ] --START--
INFO: [ template_filter ] --START--
INFO: Run Behavior\ContentReplaceBehavior [ RunTime:0.000053s ]
INFO: [ template_filter ] --END-- [ RunTime:0.000091s ]
NOTIC: [8] Undefined variable: c_id /Users/ma/www/baogeli/Application/Runtime/Cache/Home/3975b8f32e0a5cded2b93ca969913baa.php 第 105 行.
INFO: Run Behavior\ParseTemplateBehavior [ RunTime:0.008987s ]
INFO: [ view_parse ] --END-- [ RunTime:0.009033s ]
INFO: [ view_filter ] --START--
INFO: Run Behavior\WriteHtmlCacheBehavior [ RunTime:0.000115s ]
INFO: [ view_filter ] --END-- [ RunTime:0.000146s ]
INFO: [ app_end ] --START--
INFO: Run Behavior\ShowPageTraceBehavior [ RunTime:0.000359s ]
INFO: [ app_end ] --END-- [ RunTime:0.000399s ]

[ 2015-09-18T17:41:23+08:00 ] ::1 /baogeli/Home/Index/brand/id/1
INFO: [ app_init ] --START--
INFO: Run Behavior\BuildLiteBehavior [ RunTime:0.000011s ]
INFO: [ app_init ] --END-- [ RunTime:0.000292s ]
INFO: [ app_begin ] --START--
INFO: Run Behavior\ReadHtmlCacheBehavior [ RunTime:0.000350s ]
INFO: [ app_begin ] --END-- [ RunTime:0.000442s ]
SQL: SHOW COLUMNS FROM `brand` [ RunTime:0.0026s ]
SQL: SELECT `brand_id`,`brand_name`,`brand_shop_url` FROM `brand` WHERE `status` = 1  [ RunTime:0.0003s ]
SQL: SELECT * FROM `brand` WHERE `status` = 1 AND `brand_id` = 1 LIMIT 1   [ RunTime:0.0002s ]
SQL: SHOW COLUMNS FROM `category` [ RunTime:0.0013s ]
SQL: SHOW COLUMNS FROM `product` [ RunTime:0.0047s ]
SQL: SELECT * FROM `category` INNER JOIN brand on category.b_id = brand.brand_id  WHERE ( category.status = 1 ) AND `b_id` = '1'  [ RunTime:0.0004s ]
SQL: SELECT * FROM `product` WHERE ( c_id =1 )  [ RunTime:0.0003s ]
INFO: [ view_parse ] --START--
INFO: [ template_filter ] --START--
INFO: Run Behavior\ContentReplaceBehavior [ RunTime:0.000053s ]
INFO: [ template_filter ] --END-- [ RunTime:0.000088s ]
NOTIC: [8] Undefined variable: c_id /Users/ma/www/baogeli/Application/Runtime/Cache/Home/3975b8f32e0a5cded2b93ca969913baa.php 第 105 行.
INFO: Run Behavior\ParseTemplateBehavior [ RunTime:0.008807s ]
INFO: [ view_parse ] --END-- [ RunTime:0.008848s ]
INFO: [ view_filter ] --START--
INFO: Run Behavior\WriteHtmlCacheBehavior [ RunTime:0.000110s ]
INFO: [ view_filter ] --END-- [ RunTime:0.000142s ]
INFO: [ app_end ] --START--
INFO: Run Behavior\ShowPageTraceBehavior [ RunTime:0.000738s ]
INFO: [ app_end ] --END-- [ RunTime:0.000780s ]

[ 2015-09-18T17:41:59+08:00 ] ::1 /baogeli/Home/Index/brand/id/1
INFO: [ app_init ] --START--
INFO: Run Behavior\BuildLiteBehavior [ RunTime:0.000011s ]
INFO: [ app_init ] --END-- [ RunTime:0.000252s ]
INFO: [ app_begin ] --START--
INFO: Run Behavior\ReadHtmlCacheBehavior [ RunTime:0.000353s ]
INFO: [ app_begin ] --END-- [ RunTime:0.000391s ]
SQL: SHOW COLUMNS FROM `brand` [ RunTime:0.0023s ]
SQL: SELECT `brand_id`,`brand_name`,`brand_shop_url` FROM `brand` WHERE `status` = 1  [ RunTime:0.0003s ]
SQL: SELECT * FROM `brand` WHERE `status` = 1 AND `brand_id` = 1 LIMIT 1   [ RunTime:0.0003s ]
SQL: SHOW COLUMNS FROM `category` [ RunTime:0.0020s ]
SQL: SHOW COLUMNS FROM `product` [ RunTime:0.0018s ]
SQL: SELECT * FROM `category` INNER JOIN brand on category.b_id = brand.brand_id  WHERE ( category.status = 1 ) AND `b_id` = '1'  [ RunTime:0.0004s ]
SQL: SELECT * FROM `product` WHERE ( c_id =1 )  [ RunTime:0.0003s ]
INFO: [ view_parse ] --START--
INFO: [ template_filter ] --START--
INFO: Run Behavior\ContentReplaceBehavior [ RunTime:0.000055s ]
INFO: [ template_filter ] --END-- [ RunTime:0.000102s ]
NOTIC: [8] Undefined variable: c_id /Users/ma/www/baogeli/Application/Runtime/Cache/Home/3975b8f32e0a5cded2b93ca969913baa.php 第 105 行.
INFO: Run Behavior\ParseTemplateBehavior [ RunTime:0.010040s ]
INFO: [ view_parse ] --END-- [ RunTime:0.010079s ]
INFO: [ view_filter ] --START--
INFO: Run Behavior\WriteHtmlCacheBehavior [ RunTime:0.000117s ]
INFO: [ view_filter ] --END-- [ RunTime:0.000152s ]
INFO: [ app_end ] --START--
INFO: Run Behavior\ShowPageTraceBehavior [ RunTime:0.000491s ]
INFO: [ app_end ] --END-- [ RunTime:0.000588s ]

[ 2015-09-18T18:05:03+08:00 ] ::1 /baogeli/Home/Index/brand/id/1
INFO: [ app_init ] --START--
INFO: Run Behavior\BuildLiteBehavior [ RunTime:0.000009s ]
INFO: [ app_init ] --END-- [ RunTime:0.000248s ]
INFO: [ app_begin ] --START--
INFO: Run Behavior\ReadHtmlCacheBehavior [ RunTime:0.000328s ]
INFO: [ app_begin ] --END-- [ RunTime:0.000363s ]
SQL: SHOW COLUMNS FROM `brand` [ RunTime:0.0025s ]
SQL: SELECT `brand_id`,`brand_name`,`brand_shop_url` FROM `brand` WHERE `status` = 1  [ RunTime:0.0003s ]
SQL: SELECT * FROM `brand` WHERE `status` = 1 AND `brand_id` = 1 LIMIT 1   [ RunTime:0.0002s ]
SQL: SHOW COLUMNS FROM `category` [ RunTime:0.0014s ]
SQL: SHOW COLUMNS FROM `product` [ RunTime:0.0013s ]
SQL: SELECT * FROM `category` INNER JOIN brand on category.b_id = brand.brand_id  WHERE ( category.status = 1 ) AND `b_id` = '1'  [ RunTime:0.0003s ]
SQL: SELECT * FROM `product` WHERE ( c_id =1 )  [ RunTime:0.0003s ]
INFO: [ view_parse ] --START--
INFO: [ template_filter ] --START--
INFO: Run Behavior\ContentReplaceBehavior [ RunTime:0.000055s ]
INFO: [ template_filter ] --END-- [ RunTime:0.000100s ]
NOTIC: [8] Undefined variable: c_id /Users/ma/www/baogeli/Application/Runtime/Cache/Home/3975b8f32e0a5cded2b93ca969913baa.php 第 105 行.
INFO: Run Behavior\ParseTemplateBehavior [ RunTime:0.009571s ]
INFO: [ view_parse ] --END-- [ RunTime:0.009612s ]
INFO: [ view_filter ] --START--
INFO: Run Behavior\WriteHtmlCacheBehavior [ RunTime:0.000121s ]
INFO: [ view_filter ] --END-- [ RunTime:0.000153s ]
INFO: [ app_end ] --START--
INFO: Run Behavior\ShowPageTraceBehavior [ RunTime:0.000420s ]
INFO: [ app_end ] --END-- [ RunTime:0.000458s ]

[ 2015-09-18T18:05:18+08:00 ] ::1 /baogeli/Home/Index/brand/id/1
INFO: [ app_init ] --START--
INFO: Run Behavior\BuildLiteBehavior [ RunTime:0.000013s ]
INFO: [ app_init ] --END-- [ RunTime:0.000264s ]
INFO: [ app_begin ] --START--
INFO: Run Behavior\ReadHtmlCacheBehavior [ RunTime:0.001410s ]
INFO: [ app_begin ] --END-- [ RunTime:0.001463s ]
SQL: SHOW COLUMNS FROM `brand` [ RunTime:0.0023s ]
SQL: SELECT `brand_id`,`brand_name`,`brand_shop_url` FROM `brand` WHERE `status` = 1  [ RunTime:0.0006s ]
SQL: SELECT * FROM `brand` WHERE `status` = 1 AND `brand_id` = 1 LIMIT 1   [ RunTime:0.0002s ]
SQL: SHOW COLUMNS FROM `category` [ RunTime:0.0018s ]
SQL: SHOW COLUMNS FROM `product` [ RunTime:0.0017s ]
SQL: SELECT * FROM `category` INNER JOIN brand on category.b_id = brand.brand_id  WHERE ( category.status = 1 ) AND `b_id` = '1'  [ RunTime:0.0003s ]
SQL: SELECT * FROM `product` WHERE ( c_id =1 )  [ RunTime:0.0003s ]
INFO: [ view_parse ] --START--
INFO: [ template_filter ] --START--
INFO: Run Behavior\ContentReplaceBehavior [ RunTime:0.000053s ]
INFO: [ template_filter ] --END-- [ RunTime:0.000092s ]
NOTIC: [8] Undefined variable: c_id /Users/ma/www/baogeli/Application/Runtime/Cache/Home/3975b8f32e0a5cded2b93ca969913baa.php 第 105 行.
INFO: Run Behavior\ParseTemplateBehavior [ RunTime:0.009064s ]
INFO: [ view_parse ] --END-- [ RunTime:0.009100s ]
INFO: [ view_filter ] --START--
INFO: Run Behavior\WriteHtmlCacheBehavior [ RunTime:0.000108s ]
INFO: [ view_filter ] --END-- [ RunTime:0.000141s ]
INFO: [ app_end ] --START--
INFO: Run Behavior\ShowPageTraceBehavior [ RunTime:0.000354s ]
INFO: [ app_end ] --END-- [ RunTime:0.000392s ]

[ 2015-09-18T18:05:59+08:00 ] ::1 /baogeli/Home/Index/brand/id/1
INFO: [ app_init ] --START--
INFO: Run Behavior\BuildLiteBehavior [ RunTime:0.000013s ]
INFO: [ app_init ] --END-- [ RunTime:0.000266s ]
INFO: [ app_begin ] --START--
INFO: Run Behavior\ReadHtmlCacheBehavior [ RunTime:0.000640s ]
INFO: [ app_begin ] --END-- [ RunTime:0.000683s ]
SQL: SHOW COLUMNS FROM `brand` [ RunTime:0.0029s ]
SQL: SELECT `brand_id`,`brand_name`,`brand_shop_url` FROM `brand` WHERE `status` = 1  [ RunTime:0.0003s ]
SQL: SELECT * FROM `brand` WHERE `status` = 1 AND `brand_id` = 1 LIMIT 1   [ RunTime:0.0002s ]
SQL: SHOW COLUMNS FROM `category` [ RunTime:0.0011s ]
SQL: SHOW COLUMNS FROM `product` [ RunTime:0.0015s ]
SQL: SELECT * FROM `category` INNER JOIN brand on category.b_id = brand.brand_id  WHERE ( category.status = 1 ) AND `b_id` = '1'  [ RunTime:0.0003s ]
SQL: SELECT * FROM `product` WHERE ( c_id =1 )  [ RunTime:0.0003s ]
INFO: [ view_parse ] --START--
INFO: [ template_filter ] --START--
INFO: Run Behavior\ContentReplaceBehavior [ RunTime:0.000061s ]
INFO: [ template_filter ] --END-- [ RunTime:0.000117s ]
NOTIC: [8] Undefined variable: c_id /Users/ma/www/baogeli/Application/Runtime/Cache/Home/3975b8f32e0a5cded2b93ca969913baa.php 第 105 行.
INFO: Run Behavior\ParseTemplateBehavior [ RunTime:0.010513s ]
INFO: [ view_parse ] --END-- [ RunTime:0.010558s ]
INFO: [ view_filter ] --START--
INFO: Run Behavior\WriteHtmlCacheBehavior [ RunTime:0.000138s ]
INFO: [ view_filter ] --END-- [ RunTime:0.000175s ]
INFO: [ app_end ] --START--
INFO: Run Behavior\ShowPageTraceBehavior [ RunTime:0.000380s ]
INFO: [ app_end ] --END-- [ RunTime:0.000420s ]

[ 2015-09-18T18:06:38+08:00 ] ::1 /baogeli/Home/Index/brand/id/1
INFO: [ app_init ] --START--
INFO: Run Behavior\BuildLiteBehavior [ RunTime:0.000010s ]
INFO: [ app_init ] --END-- [ RunTime:0.000242s ]
INFO: [ app_begin ] --START--
INFO: Run Behavior\ReadHtmlCacheBehavior [ RunTime:0.000323s ]
INFO: [ app_begin ] --END-- [ RunTime:0.000357s ]
SQL: SHOW COLUMNS FROM `brand` [ RunTime:0.0021s ]
SQL: SELECT `brand_id`,`brand_name`,`brand_shop_url` FROM `brand` WHERE `status` = 1  [ RunTime:0.0003s ]
SQL: SELECT * FROM `brand` WHERE `status` = 1 AND `brand_id` = 1 LIMIT 1   [ RunTime:0.0002s ]
SQL: SHOW COLUMNS FROM `category` [ RunTime:0.0010s ]
SQL: SHOW COLUMNS FROM `product` [ RunTime:0.0018s ]
SQL: SELECT * FROM `category` INNER JOIN brand on category.b_id = brand.brand_id  WHERE ( category.status = 1 ) AND `b_id` = '1'  [ RunTime:0.0003s ]
SQL: SELECT * FROM `product` WHERE ( c_id =1 )  [ RunTime:0.0003s ]
INFO: [ view_parse ] --START--
INFO: [ template_filter ] --START--
INFO: Run Behavior\ContentReplaceBehavior [ RunTime:0.000055s ]
INFO: [ template_filter ] --END-- [ RunTime:0.000101s ]
NOTIC: [8] Undefined variable: c_id /Users/ma/www/baogeli/Application/Runtime/Cache/Home/3975b8f32e0a5cded2b93ca969913baa.php 第 105 行.
INFO: Run Behavior\ParseTemplateBehavior [ RunTime:0.009633s ]
INFO: [ view_parse ] --END-- [ RunTime:0.009668s ]
INFO: [ view_filter ] --START--
INFO: Run Behavior\WriteHtmlCacheBehavior [ RunTime:0.000118s ]
INFO: [ view_filter ] --END-- [ RunTime:0.000149s ]
INFO: [ app_end ] --START--
INFO: Run Behavior\ShowPageTraceBehavior [ RunTime:0.000373s ]
INFO: [ app_end ] --END-- [ RunTime:0.000413s ]

[ 2015-09-18T18:08:07+08:00 ] ::1 /baogeli/Home/Index/brand/id/1
INFO: [ app_init ] --START--
INFO: Run Behavior\BuildLiteBehavior [ RunTime:0.000012s ]
INFO: [ app_init ] --END-- [ RunTime:0.000270s ]
INFO: [ app_begin ] --START--
INFO: Run Behavior\ReadHtmlCacheBehavior [ RunTime:0.000351s ]
INFO: [ app_begin ] --END-- [ RunTime:0.000389s ]
SQL: SHOW COLUMNS FROM `brand` [ RunTime:0.0022s ]
SQL: SELECT `brand_id`,`brand_name`,`brand_shop_url` FROM `brand` WHERE `status` = 1  [ RunTime:0.0003s ]
SQL: SELECT * FROM `brand` WHERE `status` = 1 AND `brand_id` = 1 LIMIT 1   [ RunTime:0.0002s ]
SQL: SHOW COLUMNS FROM `category` [ RunTime:0.0013s ]
SQL: SHOW COLUMNS FROM `product` [ RunTime:0.0019s ]
SQL: SELECT * FROM `category` INNER JOIN brand on category.b_id = brand.brand_id  WHERE ( category.status = 1 ) AND `b_id` = '1'  [ RunTime:0.0004s ]
SQL: SELECT * FROM `product` WHERE ( c_id =1 )  [ RunTime:0.0003s ]
INFO: [ view_parse ] --START--
INFO: [ template_filter ] --START--
INFO: Run Behavior\ContentReplaceBehavior [ RunTime:0.000054s ]
INFO: [ template_filter ] --END-- [ RunTime:0.000094s ]
NOTIC: [8] Undefined variable: c_id /Users/ma/www/baogeli/Application/Runtime/Cache/Home/3975b8f32e0a5cded2b93ca969913baa.php 第 105 行.
INFO: Run Behavior\ParseTemplateBehavior [ RunTime:0.009141s ]
INFO: [ view_parse ] --END-- [ RunTime:0.009177s ]
INFO: [ view_filter ] --START--
INFO: Run Behavior\WriteHtmlCacheBehavior [ RunTime:0.000115s ]
INFO: [ view_filter ] --END-- [ RunTime:0.000147s ]
INFO: [ app_end ] --START--
INFO: Run Behavior\ShowPageTraceBehavior [ RunTime:0.000362s ]
INFO: [ app_end ] --END-- [ RunTime:0.000402s ]

[ 2015-09-18T18:08:09+08:00 ] ::1 /baogeli/Home/Index/brand/id/1
INFO: [ app_init ] --START--
INFO: Run Behavior\BuildLiteBehavior [ RunTime:0.000011s ]
INFO: [ app_init ] --END-- [ RunTime:0.000253s ]
INFO: [ app_begin ] --START--
INFO: Run Behavior\ReadHtmlCacheBehavior [ RunTime:0.000423s ]
INFO: [ app_begin ] --END-- [ RunTime:0.000474s ]
SQL: SHOW COLUMNS FROM `brand` [ RunTime:0.0028s ]
SQL: SELECT `brand_id`,`brand_name`,`brand_shop_url` FROM `brand` WHERE `status` = 1  [ RunTime:0.0003s ]
SQL: SELECT * FROM `brand` WHERE `status` = 1 AND `brand_id` = 1 LIMIT 1   [ RunTime:0.0002s ]
SQL: SHOW COLUMNS FROM `category` [ RunTime:0.0012s ]
SQL: SHOW COLUMNS FROM `product` [ RunTime:0.0018s ]
SQL: SELECT * FROM `category` INNER JOIN brand on category.b_id = brand.brand_id  WHERE ( category.status = 1 ) AND `b_id` = '1'  [ RunTime:0.0004s ]
SQL: SELECT * FROM `product` WHERE ( c_id =1 )  [ RunTime:0.0003s ]
INFO: [ view_parse ] --START--
INFO: [ template_filter ] --START--
INFO: Run Behavior\ContentReplaceBehavior [ RunTime:0.000057s ]
INFO: [ template_filter ] --END-- [ RunTime:0.000106s ]
NOTIC: [8] Undefined variable: c_id /Users/ma/www/baogeli/Application/Runtime/Cache/Home/3975b8f32e0a5cded2b93ca969913baa.php 第 105 行.
INFO: Run Behavior\ParseTemplateBehavior [ RunTime:0.009451s ]
INFO: [ view_parse ] --END-- [ RunTime:0.009495s ]
INFO: [ view_filter ] --START--
INFO: Run Behavior\WriteHtmlCacheBehavior [ RunTime:0.000148s ]
INFO: [ view_filter ] --END-- [ RunTime:0.000197s ]
INFO: [ app_end ] --START--
INFO: Run Behavior\ShowPageTraceBehavior [ RunTime:0.005006s ]
INFO: [ app_end ] --END-- [ RunTime:0.005069s ]

[ 2015-09-18T18:08:31+08:00 ] ::1 /baogeli/Home/Index/brand/id/1
INFO: [ app_init ] --START--
INFO: Run Behavior\BuildLiteBehavior [ RunTime:0.000017s ]
INFO: [ app_init ] --END-- [ RunTime:0.000266s ]
INFO: [ app_begin ] --START--
INFO: Run Behavior\ReadHtmlCacheBehavior [ RunTime:0.000322s ]
INFO: [ app_begin ] --END-- [ RunTime:0.000371s ]
SQL: SHOW COLUMNS FROM `brand` [ RunTime:0.0027s ]
SQL: SELECT `brand_id`,`brand_name`,`brand_shop_url` FROM `brand` WHERE `status` = 1  [ RunTime:0.0003s ]
SQL: SELECT * FROM `brand` WHERE `status` = 1 AND `brand_id` = 1 LIMIT 1   [ RunTime:0.0002s ]
SQL: SHOW COLUMNS FROM `category` [ RunTime:0.0009s ]
SQL: SHOW COLUMNS FROM `product` [ RunTime:0.0021s ]
SQL: SELECT * FROM `category` INNER JOIN brand on category.b_id = brand.brand_id  WHERE ( category.status = 1 ) AND `b_id` = '1'  [ RunTime:0.0003s ]
SQL: SELECT * FROM `product` WHERE ( c_id =1 )  [ RunTime:0.0003s ]
INFO: [ view_parse ] --START--
INFO: [ template_filter ] --START--
INFO: Run Behavior\ContentReplaceBehavior [ RunTime:0.000110s ]
INFO: [ template_filter ] --END-- [ RunTime:0.000152s ]
NOTIC: [8] Undefined variable: c_id /Users/ma/www/baogeli/Application/Runtime/Cache/Home/3975b8f32e0a5cded2b93ca969913baa.php 第 105 行.
INFO: Run Behavior\ParseTemplateBehavior [ RunTime:0.009214s ]
INFO: [ view_parse ] --END-- [ RunTime:0.009252s ]
INFO: [ view_filter ] --START--
INFO: Run Behavior\WriteHtmlCacheBehavior [ RunTime:0.000117s ]
INFO: [ view_filter ] --END-- [ RunTime:0.000152s ]
INFO: [ app_end ] --START--
INFO: Run Behavior\ShowPageTraceBehavior [ RunTime:0.000368s ]
INFO: [ app_end ] --END-- [ RunTime:0.000406s ]

[ 2015-09-18T18:09:01+08:00 ] ::1 /baogeli/Home/Index/brand/id/1
INFO: [ app_init ] --START--
INFO: Run Behavior\BuildLiteBehavior [ RunTime:0.000011s ]
INFO: [ app_init ] --END-- [ RunTime:0.000303s ]
INFO: [ app_begin ] --START--
INFO: Run Behavior\ReadHtmlCacheBehavior [ RunTime:0.000615s ]
INFO: [ app_begin ] --END-- [ RunTime:0.000655s ]
SQL: SHOW COLUMNS FROM `brand` [ RunTime:0.0026s ]
SQL: SELECT `brand_id`,`brand_name`,`brand_shop_url` FROM `brand` WHERE `status` = 1  [ RunTime:0.0003s ]
SQL: SELECT * FROM `brand` WHERE `status` = 1 AND `brand_id` = 1 LIMIT 1   [ RunTime:0.0002s ]
SQL: SHOW COLUMNS FROM `category` [ RunTime:0.0010s ]
SQL: SHOW COLUMNS FROM `product` [ RunTime:0.0022s ]
SQL: SELECT * FROM `category` INNER JOIN brand on category.b_id = brand.brand_id  WHERE ( category.status = 1 ) AND `b_id` = '1'  [ RunTime:0.0004s ]
SQL: SELECT * FROM `product` WHERE ( c_id =1 )  [ RunTime:0.0003s ]
INFO: [ view_parse ] --START--
INFO: [ template_filter ] --START--
INFO: Run Behavior\ContentReplaceBehavior [ RunTime:0.000057s ]
INFO: [ template_filter ] --END-- [ RunTime:0.000108s ]
NOTIC: [8] Undefined variable: c_id /Users/ma/www/baogeli/Application/Runtime/Cache/Home/3975b8f32e0a5cded2b93ca969913baa.php 第 105 行.
INFO: Run Behavior\ParseTemplateBehavior [ RunTime:0.010508s ]
INFO: [ view_parse ] --END-- [ RunTime:0.010544s ]
INFO: [ view_filter ] --START--
INFO: Run Behavior\WriteHtmlCacheBehavior [ RunTime:0.000120s ]
INFO: [ view_filter ] --END-- [ RunTime:0.000151s ]
INFO: [ app_end ] --START--
INFO: Run Behavior\ShowPageTraceBehavior [ RunTime:0.000429s ]
INFO: [ app_end ] --END-- [ RunTime:0.000514s ]

[ 2015-09-18T18:09:49+08:00 ] ::1 /baogeli/Home/Index/brand/id/1
INFO: [ app_init ] --START--
INFO: Run Behavior\BuildLiteBehavior [ RunTime:0.000010s ]
INFO: [ app_init ] --END-- [ RunTime:0.000231s ]
INFO: [ app_begin ] --START--
INFO: Run Behavior\ReadHtmlCacheBehavior [ RunTime:0.000340s ]
INFO: [ app_begin ] --END-- [ RunTime:0.000377s ]
SQL: SHOW COLUMNS FROM `brand` [ RunTime:0.0026s ]
SQL: SELECT `brand_id`,`brand_name`,`brand_shop_url` FROM `brand` WHERE `status` = 1  [ RunTime:0.0003s ]
SQL: SELECT * FROM `brand` WHERE `status` = 1 AND `brand_id` = 1 LIMIT 1   [ RunTime:0.0002s ]
SQL: SHOW COLUMNS FROM `category` [ RunTime:0.0012s ]
SQL: SHOW COLUMNS FROM `product` [ RunTime:0.0019s ]
SQL: SELECT * FROM `category` INNER JOIN brand on category.b_id = brand.brand_id  WHERE ( category.status = 1 ) AND `b_id` = '1'  [ RunTime:0.0003s ]
SQL: SELECT * FROM `product` WHERE ( c_id =1 )  [ RunTime:0.0003s ]
INFO: [ view_parse ] --START--
INFO: [ template_filter ] --START--
INFO: Run Behavior\ContentReplaceBehavior [ RunTime:0.000054s ]
INFO: [ template_filter ] --END-- [ RunTime:0.000096s ]
NOTIC: [8] Undefined variable: c_id /Users/ma/www/baogeli/Application/Runtime/Cache/Home/3975b8f32e0a5cded2b93ca969913baa.php 第 105 行.
INFO: Run Behavior\ParseTemplateBehavior [ RunTime:0.009628s ]
INFO: [ view_parse ] --END-- [ RunTime:0.009664s ]
INFO: [ view_filter ] --START--
INFO: Run Behavior\WriteHtmlCacheBehavior [ RunTime:0.000111s ]
INFO: [ view_filter ] --END-- [ RunTime:0.000142s ]
INFO: [ app_end ] --START--
INFO: Run Behavior\ShowPageTraceBehavior [ RunTime:0.001275s ]
INFO: [ app_end ] --END-- [ RunTime:0.004865s ]

[ 2015-09-18T18:10:27+08:00 ] ::1 /baogeli/Home/Index/brand/id/1
INFO: [ app_init ] --START--
INFO: Run Behavior\BuildLiteBehavior [ RunTime:0.000009s ]
INFO: [ app_init ] --END-- [ RunTime:0.000238s ]
INFO: [ app_begin ] --START--
INFO: Run Behavior\ReadHtmlCacheBehavior [ RunTime:0.000340s ]
INFO: [ app_begin ] --END-- [ RunTime:0.000376s ]
SQL: SHOW COLUMNS FROM `brand` [ RunTime:0.0026s ]
SQL: SELECT `brand_id`,`brand_name`,`brand_shop_url` FROM `brand` WHERE `status` = 1  [ RunTime:0.0003s ]
SQL: SELECT * FROM `brand` WHERE `status` = 1 AND `brand_id` = 1 LIMIT 1   [ RunTime:0.0002s ]
SQL: SHOW COLUMNS FROM `category` [ RunTime:0.0012s ]
SQL: SHOW COLUMNS FROM `product` [ RunTime:0.0011s ]
SQL: SELECT * FROM `category` INNER JOIN brand on category.b_id = brand.brand_id  WHERE ( category.status = 1 ) AND `b_id` = '1'  [ RunTime:0.0003s ]
SQL: SELECT * FROM `product` WHERE ( c_id =1 )  [ RunTime:0.0003s ]
INFO: [ view_parse ] --START--
INFO: [ template_filter ] --START--
INFO: Run Behavior\ContentReplaceBehavior [ RunTime:0.000062s ]
INFO: [ template_filter ] --END-- [ RunTime:0.000266s ]
NOTIC: [8] Undefined variable: c_id /Users/ma/www/baogeli/Application/Runtime/Cache/Home/3975b8f32e0a5cded2b93ca969913baa.php 第 105 行.
INFO: Run Behavior\ParseTemplateBehavior [ RunTime:0.009663s ]
INFO: [ view_parse ] --END-- [ RunTime:0.009698s ]
INFO: [ view_filter ] --START--
INFO: Run Behavior\WriteHtmlCacheBehavior [ RunTime:0.000131s ]
INFO: [ view_filter ] --END-- [ RunTime:0.000168s ]
INFO: [ app_end ] --START--
INFO: Run Behavior\ShowPageTraceBehavior [ RunTime:0.000373s ]
INFO: [ app_end ] --END-- [ RunTime:0.000411s ]

[ 2015-09-18T18:10:51+08:00 ] ::1 /baogeli/Home/Index/brand/id/1
INFO: [ app_init ] --START--
INFO: Run Behavior\BuildLiteBehavior [ RunTime:0.000010s ]
INFO: [ app_init ] --END-- [ RunTime:0.000230s ]
INFO: [ app_begin ] --START--
INFO: Run Behavior\ReadHtmlCacheBehavior [ RunTime:0.000328s ]
INFO: [ app_begin ] --END-- [ RunTime:0.000365s ]
SQL: SHOW COLUMNS FROM `brand` [ RunTime:0.0024s ]
SQL: SELECT `brand_id`,`brand_name`,`brand_shop_url` FROM `brand` WHERE `status` = 1  [ RunTime:0.0003s ]
SQL: SELECT * FROM `brand` WHERE `status` = 1 AND `brand_id` = 1 LIMIT 1   [ RunTime:0.0002s ]
SQL: SHOW COLUMNS FROM `category` [ RunTime:0.0016s ]
SQL: SHOW COLUMNS FROM `product` [ RunTime:0.0015s ]
SQL: SELECT * FROM `category` INNER JOIN brand on category.b_id = brand.brand_id  WHERE ( category.status = 1 ) AND `b_id` = '1'  [ RunTime:0.0003s ]
SQL: SELECT * FROM `product` WHERE ( c_id =1 )  [ RunTime:0.0003s ]
INFO: [ view_parse ] --START--
INFO: [ template_filter ] --START--
INFO: Run Behavior\ContentReplaceBehavior [ RunTime:0.000055s ]
INFO: [ template_filter ] --END-- [ RunTime:0.000102s ]
NOTIC: [8] Undefined variable: c_id /Users/ma/www/baogeli/Application/Runtime/Cache/Home/3975b8f32e0a5cded2b93ca969913baa.php 第 105 行.
INFO: Run Behavior\ParseTemplateBehavior [ RunTime:0.009850s ]
INFO: [ view_parse ] --END-- [ RunTime:0.009886s ]
INFO: [ view_filter ] --START--
INFO: Run Behavior\WriteHtmlCacheBehavior [ RunTime:0.000119s ]
INFO: [ view_filter ] --END-- [ RunTime:0.000150s ]
INFO: [ app_end ] --START--
INFO: Run Behavior\ShowPageTraceBehavior [ RunTime:0.000408s ]
INFO: [ app_end ] --END-- [ RunTime:0.000447s ]

[ 2015-09-18T18:10:59+08:00 ] ::1 /baogeli/Home/Index/brand/id/1
INFO: [ app_init ] --START--
INFO: Run Behavior\BuildLiteBehavior [ RunTime:0.000013s ]
INFO: [ app_init ] --END-- [ RunTime:0.000260s ]
INFO: [ app_begin ] --START--
INFO: Run Behavior\ReadHtmlCacheBehavior [ RunTime:0.000381s ]
INFO: [ app_begin ] --END-- [ RunTime:0.000419s ]
SQL: SHOW COLUMNS FROM `brand` [ RunTime:0.0020s ]
SQL: SELECT `brand_id`,`brand_name`,`brand_shop_url` FROM `brand` WHERE `status` = 1  [ RunTime:0.0003s ]
SQL: SELECT * FROM `brand` WHERE `status` = 1 AND `brand_id` = 1 LIMIT 1   [ RunTime:0.0002s ]
SQL: SHOW COLUMNS FROM `category` [ RunTime:0.0026s ]
SQL: SHOW COLUMNS FROM `product` [ RunTime:0.0018s ]
SQL: SELECT * FROM `category` INNER JOIN brand on category.b_id = brand.brand_id  WHERE ( category.status = 1 ) AND `b_id` = '1'  [ RunTime:0.0005s ]
SQL: SELECT * FROM `product` WHERE ( c_id =1 )  [ RunTime:0.0003s ]
INFO: [ view_parse ] --START--
INFO: [ template_filter ] --START--
INFO: Run Behavior\ContentReplaceBehavior [ RunTime:0.000064s ]
INFO: [ template_filter ] --END-- [ RunTime:0.000124s ]
NOTIC: [8] Undefined variable: c_id /Users/ma/www/baogeli/Application/Runtime/Cache/Home/3975b8f32e0a5cded2b93ca969913baa.php 第 105 行.
INFO: Run Behavior\ParseTemplateBehavior [ RunTime:0.009820s ]
INFO: [ view_parse ] --END-- [ RunTime:0.009860s ]
INFO: [ view_filter ] --START--
INFO: Run Behavior\WriteHtmlCacheBehavior [ RunTime:0.000126s ]
INFO: [ view_filter ] --END-- [ RunTime:0.000158s ]
INFO: [ app_end ] --START--
INFO: Run Behavior\ShowPageTraceBehavior [ RunTime:0.000379s ]
INFO: [ app_end ] --END-- [ RunTime:0.000467s ]

[ 2015-09-18T18:11:09+08:00 ] ::1 /baogeli/Home/Index/brand/id/1
INFO: [ app_init ] --START--
INFO: Run Behavior\BuildLiteBehavior [ RunTime:0.000012s ]
INFO: [ app_init ] --END-- [ RunTime:0.000257s ]
INFO: [ app_begin ] --START--
INFO: Run Behavior\ReadHtmlCacheBehavior [ RunTime:0.000643s ]
INFO: [ app_begin ] --END-- [ RunTime:0.000682s ]
SQL: SHOW COLUMNS FROM `brand` [ RunTime:0.0034s ]
SQL: SELECT `brand_id`,`brand_name`,`brand_shop_url` FROM `brand` WHERE `status` = 1  [ RunTime:0.0004s ]
SQL: SELECT * FROM `brand` WHERE `status` = 1 AND `brand_id` = 1 LIMIT 1   [ RunTime:0.0002s ]
SQL: SHOW COLUMNS FROM `category` [ RunTime:0.0021s ]
SQL: SHOW COLUMNS FROM `product` [ RunTime:0.0018s ]
SQL: SELECT * FROM `category` INNER JOIN brand on category.b_id = brand.brand_id  WHERE ( category.status = 1 ) AND `b_id` = '1'  [ RunTime:0.0004s ]
SQL: SELECT * FROM `product` WHERE ( c_id =1 )  [ RunTime:0.0003s ]
INFO: [ view_parse ] --START--
INFO: [ template_filter ] --START--
INFO: Run Behavior\ContentReplaceBehavior [ RunTime:0.000056s ]
INFO: [ template_filter ] --END-- [ RunTime:0.000105s ]
NOTIC: [8] Undefined variable: c_id /Users/ma/www/baogeli/Application/Runtime/Cache/Home/3975b8f32e0a5cded2b93ca969913baa.php 第 105 行.
INFO: Run Behavior\ParseTemplateBehavior [ RunTime:0.009567s ]
INFO: [ view_parse ] --END-- [ RunTime:0.009606s ]
INFO: [ view_filter ] --START--
INFO: Run Behavior\WriteHtmlCacheBehavior [ RunTime:0.000118s ]
INFO: [ view_filter ] --END-- [ RunTime:0.000158s ]
INFO: [ app_end ] --START--
INFO: Run Behavior\ShowPageTraceBehavior [ RunTime:0.000397s ]
INFO: [ app_end ] --END-- [ RunTime:0.000434s ]

